# JRE version: OpenJDK Runtime Environment Temurin-21.0.3+9 (21.0.3+9) (build 21.0.3+9-LTS)
# Java VM: OpenJDK 64-Bit Server VM Temurin-21.0.3+9 (21.0.3+9-LTS, mixed mode, tiered, compressed oops, compressed class ptrs, g1 gc, linux-amd64)
Heap:
 garbage-first heap   total 251904K, used 172550K [0x000000070ae00000, 0x0000000800000000)
  region size 2048K, 48 young (98304K), 4 survivors (8192K)
 Metaspace       used 17396K, committed 17664K, reserved 1114112K
  class space    used 1516K, committed 1664K, reserved 1048576K
GC Heap History (20 events):
Event: 73.891 GC heap before
{Heap before GC invocations=49 (full 0):
 garbage-first heap   total 251904K, used 218714K [0x000000070ae00000, 0x0000000800000000)
  region size 2048K, 73 young (149504K), 4 survivors (8192K)
 Metaspace       used 17300K, committed 17600K, reserved 1114112K
  class space    used 1512K, committed 1664K, reserved 1048576K
}
Event: 73.893 GC heap after
{Heap after GC invocations=50 (full 0):
 garbage-first heap   total 251904K, used 79855K [0x000000070ae00000, 0x0000000800000000)
  region size 2048K, 4 young (8192K), 4 survivors (8192K)
 Metaspace       used 17300K, committed 17600K, reserved 1114112K
  class space    used 1512K, committed 1664K, reserved 1048576K
}
Event: 75.334 GC heap before
{Heap before GC invocations=50 (full 0):
 garbage-first heap   total 251904K, used 219119K [0x000000070ae00000, 0x0000000800000000)
  region size 2048K, 73 young (149504K), 4 survivors (8192K)
 Metaspace       used 17300K, committed 17600K, reserved 1114112K
  class space    used 1512K, committed 1664K, reserved 1048576K
}
Event: 75.337 GC heap after
{Heap after GC invocations=51 (full 0):
 garbage-first heap   total 251904K, used 79555K [0x000000070ae00000, 0x0000000800000000)
  region size 2048K, 4 young (8192K), 4 survivors (8192K)
 Metaspace       used 17300K, committed 17600K, reserved 1114112K
  class space    used 1512K, committed 1664K, reserved 1048576K
}
Event: 76.820 GC heap before
{Heap before GC invocations=51 (full 0):
 garbage-first heap   total 251904K, used 218819K [0x000000070ae00000, 0x0000000800000000)
  region size 2048K, 73 young (149504K), 4 survivors (8192K)
 Metaspace       used 17314K, committed 17600K, reserved 1114112K
  class space    used 1512K, committed 1664K, reserved 1048576K
}
Event: 76.823 GC heap after
{Heap after GC invocations=52 (full 0):
 garbage-first heap   total 251904K, used 80840K [0x000000070ae00000, 0x0000000800000000)
  region size 2048K, 4 young (8192K), 4 survivors (8192K)
 Metaspace       used 17314K, committed 17600K, reserved 1114112K
  class space    used 1512K, committed 1664K, reserved 1048576K
}
Event: 78.334 GC heap before
{Heap before GC invocations=52 (full 0):
 garbage-first heap   total 251904K, used 220104K [0x000000070ae00000, 0x0000000800000000)
  region size 2048K, 74 young (151552K), 4 survivors (8192K)
 Metaspace       used 17325K, committed 17664K, reserved 1114112K
  class space    used 1512K, committed 1664K, reserved 1048576K
}
Event: 78.336 GC heap after
{Heap after GC invocations=53 (full 0):
 garbage-first heap   total 251904K, used 82778K [0x000000070ae00000, 0x0000000800000000)
  region size 2048K, 5 young (10240K), 5 survivors (10240K)
 Metaspace       used 17325K, committed 17664K, reserved 1114112K
  class space    used 1512K, committed 1664K, reserved 1048576K
}
Event: 79.685 GC heap before
{Heap before GC invocations=53 (full 0):
 garbage-first heap   total 251904K, used 219994K [0x000000070ae00000, 0x0000000800000000)
  region size 2048K, 73 young (149504K), 5 survivors (10240K)
 Metaspace       used 17346K, committed 17664K, reserved 1114112K
  class space    used 1512K, committed 1664K, reserved 1048576K
}
Event: 79.688 GC heap after
{Heap after GC invocations=54 (full 0):
 garbage-first heap   total 251904K, used 83287K [0x000000070ae00000, 0x0000000800000000)
  region size 2048K, 5 young (10240K), 5 survivors (10240K)
 Metaspace       used 17346K, committed 17664K, reserved 1114112K
  class space    used 1512K, committed 1664K, reserved 1048576K
}
Event: 81.210 GC heap before
{Heap before GC invocations=54 (full 0):
 garbage-first heap   total 251904K, used 220503K [0x000000070ae00000, 0x0000000800000000)
  region size 2048K, 73 young (149504K), 5 survivors (10240K)
 Metaspace       used 17390K, committed 17664K, reserved 1114112K
  class space    used 1516K, committed 1664K, reserved 1048576K
}
Event: 81.212 GC heap after
{Heap after GC invocations=55 (full 0):
 garbage-first heap   total 251904K, used 81749K [0x000000070ae00000, 0x0000000800000000)
  region size 2048K, 4 young (8192K), 4 survivors (8192K)
 Metaspace       used 17390K, committed 17664K, reserved 1114112K
  class space    used 1516K, committed 1664K, reserved 1048576K
}
Event: 82.810 GC heap before
{Heap before GC invocations=55 (full 0):
 garbage-first heap   total 251904K, used 221013K [0x000000070ae00000, 0x0000000800000000)
  region size 2048K, 73 young (149504K), 4 survivors (8192K)
 Metaspace       used 17390K, committed 17664K, reserved 1114112K
  class space    used 1516K, committed 1664K, reserved 1048576K
}
Event: 82.813 GC heap after
{Heap after GC invocations=56 (full 0):
 garbage-first heap   total 251904K, used 85236K [0x000000070ae00000, 0x0000000800000000)
  region size 2048K, 5 young (10240K), 5 survivors (10240K)
 Metaspace       used 17390K, committed 17664K, reserved 1114112K
  class space    used 1516K, committed 1664K, reserved 1048576K
}
Event: 84.400 GC heap before
{Heap before GC invocations=56 (full 0):
 garbage-first heap   total 251904K, used 222452K [0x000000070ae00000, 0x0000000800000000)
  region size 2048K, 73 young (149504K), 5 survivors (10240K)
 Metaspace       used 17391K, committed 17664K, reserved 1114112K
  class space    used 1516K, committed 1664K, reserved 1048576K
}
Event: 84.403 GC heap after
{Heap after GC invocations=57 (full 0):
 garbage-first heap   total 251904K, used 82958K [0x000000070ae00000, 0x0000000800000000)
  region size 2048K, 4 young (8192K), 4 survivors (8192K)
 Metaspace       used 17391K, committed 17664K, reserved 1114112K
  class space    used 1516K, committed 1664K, reserved 1048576K
}
Event: 85.710 GC heap before
{Heap before GC invocations=57 (full 0):
 garbage-first heap   total 251904K, used 222222K [0x000000070ae00000, 0x0000000800000000)
  region size 2048K, 73 young (149504K), 4 survivors (8192K)
 Metaspace       used 17392K, committed 17664K, reserved 1114112K
  class space    used 1516K, committed 1664K, reserved 1048576K
}
Event: 85.713 GC heap after
{Heap after GC invocations=58 (full 0):
 garbage-first heap   total 251904K, used 87278K [0x000000070ae00000, 0x0000000800000000)
  region size 2048K, 6 young (12288K), 6 survivors (12288K)
 Metaspace       used 17392K, committed 17664K, reserved 1114112K
  class space    used 1516K, committed 1664K, reserved 1048576K
}
Event: 87.201 GC heap before
{Heap before GC invocations=58 (full 0):
 garbage-first heap   total 251904K, used 220398K [0x000000070ae00000, 0x0000000800000000)
  region size 2048K, 72 young (147456K), 6 survivors (12288K)
 Metaspace       used 17395K, committed 17664K, reserved 1114112K
  class space    used 1516K, committed 1664K, reserved 1048576K
}
Event: 87.204 GC heap after
{Heap after GC invocations=59 (full 0):
 garbage-first heap   total 251904K, used 83460K [0x000000070ae00000, 0x0000000800000000)
  region size 2048K, 4 young (8192K), 4 survivors (8192K)
 Metaspace       used 17395K, committed 17664K, reserved 1114112K
  class space    used 1516K, committed 1664K, reserved 1048576K
}

